[2025-05-30T14:42:54.162+0000] {local_task_job_runner.py:123} INFO - ::group::Pre task execution logs
[2025-05-30T14:42:54.173+0000] {taskinstance.py:2612} INFO - Dependencies all met for dep_context=non-requeueable deps ti=<TaskInstance: companies_house_pipeline.insert_company_data manual__2025-05-30T14:42:50.451278+00:00 [queued]>
[2025-05-30T14:42:54.177+0000] {taskinstance.py:2612} INFO - Dependencies all met for dep_context=requeueable deps ti=<TaskInstance: companies_house_pipeline.insert_company_data manual__2025-05-30T14:42:50.451278+00:00 [queued]>
[2025-05-30T14:42:54.178+0000] {taskinstance.py:2865} INFO - Starting attempt 1 of 2
[2025-05-30T14:42:54.184+0000] {taskinstance.py:2888} INFO - Executing <Task(PostgresOperator): insert_company_data> on 2025-05-30 14:42:50.451278+00:00
[2025-05-30T14:42:54.186+0000] {warnings.py:112} WARNING - /usr/local/lib/python3.12/site-packages/***/task/task_runner/standard_task_runner.py:70: DeprecationWarning: This process (pid=37) is multi-threaded, use of fork() may lead to deadlocks in the child.
  pid = os.fork()

[2025-05-30T14:42:54.187+0000] {standard_task_runner.py:72} INFO - Started process 38 to run task
[2025-05-30T14:42:54.187+0000] {standard_task_runner.py:104} INFO - Running: ['***', 'tasks', 'run', 'companies_house_pipeline', 'insert_company_data', 'manual__2025-05-30T14:42:50.451278+00:00', '--job-id', '10', '--raw', '--subdir', 'DAGS_FOLDER/companies_house_pipeline.py', '--cfg-path', '/tmp/tmptveb7i2t']
[2025-05-30T14:42:54.188+0000] {standard_task_runner.py:105} INFO - Job 10: Subtask insert_company_data
[2025-05-30T14:42:54.217+0000] {task_command.py:467} INFO - Running <TaskInstance: companies_house_pipeline.insert_company_data manual__2025-05-30T14:42:50.451278+00:00 [running]> on host 7284384a8740
[2025-05-30T14:42:54.279+0000] {taskinstance.py:3131} INFO - Exporting env vars: AIRFLOW_CTX_DAG_OWNER='***' AIRFLOW_CTX_DAG_ID='companies_house_pipeline' AIRFLOW_CTX_TASK_ID='insert_company_data' AIRFLOW_CTX_EXECUTION_DATE='2025-05-30T14:42:50.451278+00:00' AIRFLOW_CTX_TRY_NUMBER='1' AIRFLOW_CTX_DAG_RUN_ID='manual__2025-05-30T14:42:50.451278+00:00'
[2025-05-30T14:42:54.279+0000] {taskinstance.py:731} INFO - ::endgroup::
[2025-05-30T14:42:54.285+0000] {sql.py:306} INFO - Executing: 
    INSERT INTO company (company_number, company_name, company_status, incorporation_date)
    VALUES (%(company_number)s, %(company_name)s, %(company_status)s, %(incorporation_date)s)
    ON CONFLICT (company_number) DO UPDATE SET
        company_name = EXCLUDED.company_name,
        company_status = EXCLUDED.company_status,
        incorporation_date = EXCLUDED.incorporation_date;
    
[2025-05-30T14:42:54.291+0000] {base.py:84} INFO - Retrieving connection '***_postgres'
[2025-05-30T14:42:54.297+0000] {base.py:84} INFO - Retrieving connection '***_postgres'
[2025-05-30T14:42:54.300+0000] {sql.py:814} INFO - Running statement: 
    INSERT INTO company (company_number, company_name, company_status, incorporation_date)
    VALUES (%(company_number)s, %(company_name)s, %(company_status)s, %(incorporation_date)s)
    ON CONFLICT (company_number) DO UPDATE SET
        company_name = EXCLUDED.company_name,
        company_status = EXCLUDED.company_status,
        incorporation_date = EXCLUDED.incorporation_date;
    , parameters: {'company_number': '1', 'company_name': 'Leanne Graham', 'company_status': 'active', 'incorporation_date': '2023-01-01'}
[2025-05-30T14:42:54.300+0000] {sql.py:823} INFO - Rows affected: 1
[2025-05-30T14:42:54.306+0000] {taskinstance.py:340} INFO - ::group::Post task execution logs
[2025-05-30T14:42:54.307+0000] {taskinstance.py:352} INFO - Marking task as SUCCESS. dag_id=companies_house_pipeline, task_id=insert_company_data, run_id=manual__2025-05-30T14:42:50.451278+00:00, execution_date=20250530T144250, start_date=20250530T144254, end_date=20250530T144254
[2025-05-30T14:42:54.330+0000] {local_task_job_runner.py:266} INFO - Task exited with return code 0
[2025-05-30T14:42:54.339+0000] {taskinstance.py:3900} INFO - 0 downstream tasks scheduled from follow-on schedule check
[2025-05-30T14:42:54.340+0000] {local_task_job_runner.py:245} INFO - ::endgroup::
