[2025-05-30T14:42:51.954+0000] {local_task_job_runner.py:123} INFO - ::group::Pre task execution logs
[2025-05-30T14:42:51.965+0000] {taskinstance.py:2612} INFO - Dependencies all met for dep_context=non-requeueable deps ti=<TaskInstance: companies_house_pipeline.create_company_table manual__2025-05-30T14:42:50.451278+00:00 [queued]>
[2025-05-30T14:42:51.970+0000] {taskinstance.py:2612} INFO - Dependencies all met for dep_context=requeueable deps ti=<TaskInstance: companies_house_pipeline.create_company_table manual__2025-05-30T14:42:50.451278+00:00 [queued]>
[2025-05-30T14:42:51.970+0000] {taskinstance.py:2865} INFO - Starting attempt 1 of 2
[2025-05-30T14:42:51.977+0000] {taskinstance.py:2888} INFO - Executing <Task(PostgresOperator): create_company_table> on 2025-05-30 14:42:50.451278+00:00
[2025-05-30T14:42:51.980+0000] {warnings.py:112} WARNING - /usr/local/lib/python3.12/site-packages/***/task/task_runner/standard_task_runner.py:70: DeprecationWarning: This process (pid=31) is multi-threaded, use of fork() may lead to deadlocks in the child.
  pid = os.fork()

[2025-05-30T14:42:51.980+0000] {standard_task_runner.py:72} INFO - Started process 32 to run task
[2025-05-30T14:42:51.981+0000] {standard_task_runner.py:104} INFO - Running: ['***', 'tasks', 'run', 'companies_house_pipeline', 'create_company_table', 'manual__2025-05-30T14:42:50.451278+00:00', '--job-id', '8', '--raw', '--subdir', 'DAGS_FOLDER/companies_house_pipeline.py', '--cfg-path', '/tmp/tmpv9kfaimm']
[2025-05-30T14:42:51.982+0000] {standard_task_runner.py:105} INFO - Job 8: Subtask create_company_table
[2025-05-30T14:42:52.009+0000] {task_command.py:467} INFO - Running <TaskInstance: companies_house_pipeline.create_company_table manual__2025-05-30T14:42:50.451278+00:00 [running]> on host 7284384a8740
[2025-05-30T14:42:52.050+0000] {taskinstance.py:3131} INFO - Exporting env vars: AIRFLOW_CTX_DAG_OWNER='***' AIRFLOW_CTX_DAG_ID='companies_house_pipeline' AIRFLOW_CTX_TASK_ID='create_company_table' AIRFLOW_CTX_EXECUTION_DATE='2025-05-30T14:42:50.451278+00:00' AIRFLOW_CTX_TRY_NUMBER='1' AIRFLOW_CTX_DAG_RUN_ID='manual__2025-05-30T14:42:50.451278+00:00'
[2025-05-30T14:42:52.051+0000] {taskinstance.py:731} INFO - ::endgroup::
[2025-05-30T14:42:52.056+0000] {sql.py:306} INFO - Executing: 
    CREATE TABLE IF NOT EXISTS company (
        company_number VARCHAR(20) PRIMARY KEY,
        company_name TEXT,
        company_status TEXT,
        incorporation_date DATE
    );
    
[2025-05-30T14:42:52.062+0000] {base.py:84} INFO - Retrieving connection '***_postgres'
[2025-05-30T14:42:52.068+0000] {base.py:84} INFO - Retrieving connection '***_postgres'
[2025-05-30T14:42:52.071+0000] {sql.py:814} INFO - Running statement: 
    CREATE TABLE IF NOT EXISTS company (
        company_number VARCHAR(20) PRIMARY KEY,
        company_name TEXT,
        company_status TEXT,
        incorporation_date DATE
    );
    , parameters: None
[2025-05-30T14:42:52.084+0000] {taskinstance.py:340} INFO - ::group::Post task execution logs
[2025-05-30T14:42:52.084+0000] {taskinstance.py:352} INFO - Marking task as SUCCESS. dag_id=companies_house_pipeline, task_id=create_company_table, run_id=manual__2025-05-30T14:42:50.451278+00:00, execution_date=20250530T144250, start_date=20250530T144251, end_date=20250530T144252
[2025-05-30T14:42:52.124+0000] {local_task_job_runner.py:266} INFO - Task exited with return code 0
[2025-05-30T14:42:52.131+0000] {warnings.py:112} WARNING - /usr/local/lib/python3.12/site-packages/***/models/baseoperator.py:1378: AirflowProviderDeprecationWarning: Call to deprecated class SimpleHttpOperator. (Class `SimpleHttpOperator` is deprecated and will be removed in a future release. Please use `HttpOperator` instead.)
  result = cls.__new__(cls)

[2025-05-30T14:42:52.132+0000] {warnings.py:112} WARNING - /usr/local/lib/python3.12/site-packages/***/models/baseoperator.py:1378: AirflowProviderDeprecationWarning: Call to deprecated class PostgresOperator. (Please use `***.providers.common.sql.operators.sql.SQLExecuteQueryOperator`.Also, you can provide `hook_params={'schema': <database>}`.)
  result = cls.__new__(cls)

[2025-05-30T14:42:52.140+0000] {taskinstance.py:3900} INFO - 1 downstream tasks scheduled from follow-on schedule check
[2025-05-30T14:42:52.141+0000] {local_task_job_runner.py:245} INFO - ::endgroup::
