[2025-05-30T14:29:21.967+0000] {manager.py:483} INFO - Processing files using up to 2 processes at a time 
[2025-05-30T14:29:21.969+0000] {manager.py:484} INFO - Process each file at most once every 30 seconds
[2025-05-30T14:29:21.969+0000] {manager.py:485} INFO - Checking for new files in /opt/airflow/dags every 300 seconds
[2025-05-30T14:29:21.970+0000] {manager.py:821} INFO - Searching for files in /opt/airflow/dags
[2025-05-30T14:29:21.977+0000] {manager.py:824} INFO - There are 1 files in /opt/airflow/dags
[2025-05-30T14:29:22.028+0000] {manager.py:997} INFO - 
================================================================================
DAG File Processing Stats

File Path                                        PID  Runtime      # DAGs    # Errors  Last Runtime    Last Run      Last # of DB Queries
---------------------------------------------  -----  ---------  --------  ----------  --------------  ----------  ----------------------
/opt/airflow/dags/companies_house_pipeline.py      9  0.01s             0           0                                                   0
================================================================================
[2025-05-30T14:29:52.375+0000] {manager.py:997} INFO - 
================================================================================
DAG File Processing Stats

File Path                                        PID  Runtime      # DAGs    # Errors  Last Runtime    Last Run               Last # of DB Queries
---------------------------------------------  -----  ---------  --------  ----------  --------------  -------------------  ----------------------
/opt/airflow/dags/companies_house_pipeline.py     10  0.00s             1           0  0.23s           2025-05-30T14:29:22                      45
================================================================================
[2025-05-30T14:30:22.763+0000] {manager.py:997} INFO - 
================================================================================
DAG File Processing Stats

File Path                                        PID  Runtime      # DAGs    # Errors  Last Runtime    Last Run               Last # of DB Queries
---------------------------------------------  -----  ---------  --------  ----------  --------------  -------------------  ----------------------
/opt/airflow/dags/companies_house_pipeline.py     11  0.00s             1           0  0.08s           2025-05-30T14:29:52                      12
================================================================================
[2025-05-30T14:30:53.099+0000] {manager.py:997} INFO - 
================================================================================
DAG File Processing Stats

File Path                                        PID  Runtime      # DAGs    # Errors  Last Runtime    Last Run               Last # of DB Queries
---------------------------------------------  -----  ---------  --------  ----------  --------------  -------------------  ----------------------
/opt/airflow/dags/companies_house_pipeline.py     12  0.00s             1           0  0.17s           2025-05-30T14:30:22                      12
================================================================================
[2025-05-30T14:31:23.483+0000] {manager.py:997} INFO - 
================================================================================
DAG File Processing Stats

File Path                                        PID  Runtime      # DAGs    # Errors  Last Runtime    Last Run               Last # of DB Queries
---------------------------------------------  -----  ---------  --------  ----------  --------------  -------------------  ----------------------
/opt/airflow/dags/companies_house_pipeline.py     13  0.00s             1           0  0.15s           2025-05-30T14:30:53                      12
================================================================================
[2025-05-30T14:31:53.809+0000] {manager.py:997} INFO - 
================================================================================
DAG File Processing Stats

File Path                                        PID  Runtime      # DAGs    # Errors  Last Runtime    Last Run               Last # of DB Queries
---------------------------------------------  -----  ---------  --------  ----------  --------------  -------------------  ----------------------
/opt/airflow/dags/companies_house_pipeline.py     14  0.00s             1           0  0.13s           2025-05-30T14:31:23                      12
================================================================================
[2025-05-30T14:32:24.095+0000] {manager.py:997} INFO - 
================================================================================
DAG File Processing Stats

File Path                                        PID  Runtime      # DAGs    # Errors  Last Runtime    Last Run               Last # of DB Queries
---------------------------------------------  -----  ---------  --------  ----------  --------------  -------------------  ----------------------
/opt/airflow/dags/companies_house_pipeline.py     15  0.00s             1           0  0.13s           2025-05-30T14:31:53                      12
================================================================================
[2025-05-30T14:32:40.975+0000] {manager.py:465} INFO - Exiting gracefully upon receiving signal 15
[2025-05-30T14:33:34.828+0000] {manager.py:483} INFO - Processing files using up to 2 processes at a time 
[2025-05-30T14:33:34.829+0000] {manager.py:484} INFO - Process each file at most once every 30 seconds
[2025-05-30T14:33:34.829+0000] {manager.py:485} INFO - Checking for new files in /opt/airflow/dags every 300 seconds
[2025-05-30T14:33:34.829+0000] {manager.py:821} INFO - Searching for files in /opt/airflow/dags
[2025-05-30T14:33:34.835+0000] {manager.py:824} INFO - There are 1 files in /opt/airflow/dags
[2025-05-30T14:33:34.881+0000] {manager.py:997} INFO - 
================================================================================
DAG File Processing Stats

File Path                                        PID  Runtime      # DAGs    # Errors  Last Runtime    Last Run      Last # of DB Queries
---------------------------------------------  -----  ---------  --------  ----------  --------------  ----------  ----------------------
/opt/airflow/dags/companies_house_pipeline.py      9  0.01s             0           0                                                   0
================================================================================
[2025-05-30T14:34:05.160+0000] {manager.py:997} INFO - 
================================================================================
DAG File Processing Stats

File Path                                        PID  Runtime      # DAGs    # Errors  Last Runtime    Last Run               Last # of DB Queries
---------------------------------------------  -----  ---------  --------  ----------  --------------  -------------------  ----------------------
/opt/airflow/dags/companies_house_pipeline.py     10  0.00s             1           0  0.07s           2025-05-30T14:33:34                      12
================================================================================
[2025-05-30T14:34:35.409+0000] {manager.py:997} INFO - 
================================================================================
DAG File Processing Stats

File Path                                        PID  Runtime      # DAGs    # Errors  Last Runtime    Last Run               Last # of DB Queries
---------------------------------------------  -----  ---------  --------  ----------  --------------  -------------------  ----------------------
/opt/airflow/dags/companies_house_pipeline.py     11  0.00s             1           0  0.07s           2025-05-30T14:34:05                      12
================================================================================
[2025-05-30T14:35:05.726+0000] {manager.py:997} INFO - 
================================================================================
DAG File Processing Stats

File Path                                        PID  Runtime      # DAGs    # Errors  Last Runtime    Last Run               Last # of DB Queries
---------------------------------------------  -----  ---------  --------  ----------  --------------  -------------------  ----------------------
/opt/airflow/dags/companies_house_pipeline.py     12  0.00s             1           0  0.14s           2025-05-30T14:34:35                      12
================================================================================
[2025-05-30T14:35:36.046+0000] {manager.py:997} INFO - 
================================================================================
DAG File Processing Stats

File Path                                        PID  Runtime      # DAGs    # Errors  Last Runtime    Last Run               Last # of DB Queries
---------------------------------------------  -----  ---------  --------  ----------  --------------  -------------------  ----------------------
/opt/airflow/dags/companies_house_pipeline.py     13  0.00s             1           0  0.13s           2025-05-30T14:35:05                      12
================================================================================
[2025-05-30T14:36:06.398+0000] {manager.py:997} INFO - 
================================================================================
DAG File Processing Stats

File Path                                        PID  Runtime      # DAGs    # Errors  Last Runtime    Last Run               Last # of DB Queries
---------------------------------------------  -----  ---------  --------  ----------  --------------  -------------------  ----------------------
/opt/airflow/dags/companies_house_pipeline.py     14  0.00s             1           0  0.15s           2025-05-30T14:35:36                      12
================================================================================
[2025-05-30T14:36:36.716+0000] {manager.py:997} INFO - 
================================================================================
DAG File Processing Stats

File Path                                        PID  Runtime      # DAGs    # Errors  Last Runtime    Last Run               Last # of DB Queries
---------------------------------------------  -----  ---------  --------  ----------  --------------  -------------------  ----------------------
/opt/airflow/dags/companies_house_pipeline.py     15  0.00s             1           0  0.14s           2025-05-30T14:36:06                      12
================================================================================
[2025-05-30T14:37:07.134+0000] {manager.py:997} INFO - 
================================================================================
DAG File Processing Stats

File Path                                        PID  Runtime      # DAGs    # Errors  Last Runtime    Last Run               Last # of DB Queries
---------------------------------------------  -----  ---------  --------  ----------  --------------  -------------------  ----------------------
/opt/airflow/dags/companies_house_pipeline.py     16  0.00s             1           0  0.13s           2025-05-30T14:36:36                      12
================================================================================
[2025-05-30T14:37:09.221+0000] {manager.py:465} INFO - Exiting gracefully upon receiving signal 15
[2025-05-30T14:37:35.012+0000] {manager.py:483} INFO - Processing files using up to 2 processes at a time 
[2025-05-30T14:37:35.012+0000] {manager.py:484} INFO - Process each file at most once every 30 seconds
[2025-05-30T14:37:35.012+0000] {manager.py:485} INFO - Checking for new files in /opt/airflow/dags every 300 seconds
[2025-05-30T14:37:35.013+0000] {manager.py:821} INFO - Searching for files in /opt/airflow/dags
[2025-05-30T14:37:35.018+0000] {manager.py:824} INFO - There are 1 files in /opt/airflow/dags
[2025-05-30T14:37:35.068+0000] {manager.py:997} INFO - 
================================================================================
DAG File Processing Stats

File Path                                        PID  Runtime      # DAGs    # Errors  Last Runtime    Last Run      Last # of DB Queries
---------------------------------------------  -----  ---------  --------  ----------  --------------  ----------  ----------------------
/opt/airflow/dags/companies_house_pipeline.py      9  0.01s             0           0                                                   0
================================================================================
[2025-05-30T14:38:05.320+0000] {manager.py:997} INFO - 
================================================================================
DAG File Processing Stats

File Path                                        PID  Runtime      # DAGs    # Errors  Last Runtime    Last Run               Last # of DB Queries
---------------------------------------------  -----  ---------  --------  ----------  --------------  -------------------  ----------------------
/opt/airflow/dags/companies_house_pipeline.py     10  0.00s             1           0  0.07s           2025-05-30T14:37:35                      12
================================================================================
[2025-05-30T14:38:35.677+0000] {manager.py:997} INFO - 
================================================================================
DAG File Processing Stats

File Path                                        PID  Runtime      # DAGs    # Errors  Last Runtime    Last Run               Last # of DB Queries
---------------------------------------------  -----  ---------  --------  ----------  --------------  -------------------  ----------------------
/opt/airflow/dags/companies_house_pipeline.py     11  0.00s             1           0  0.05s           2025-05-30T14:38:05                      12
================================================================================
[2025-05-30T14:39:06.027+0000] {manager.py:997} INFO - 
================================================================================
DAG File Processing Stats

File Path                                        PID  Runtime      # DAGs    # Errors  Last Runtime    Last Run               Last # of DB Queries
---------------------------------------------  -----  ---------  --------  ----------  --------------  -------------------  ----------------------
/opt/airflow/dags/companies_house_pipeline.py     12  0.00s             1           0  0.12s           2025-05-30T14:38:35                      12
================================================================================
[2025-05-30T14:39:36.295+0000] {manager.py:997} INFO - 
================================================================================
DAG File Processing Stats

File Path                                        PID  Runtime      # DAGs    # Errors  Last Runtime    Last Run               Last # of DB Queries
---------------------------------------------  -----  ---------  --------  ----------  --------------  -------------------  ----------------------
/opt/airflow/dags/companies_house_pipeline.py     13  0.00s             1           0  0.13s           2025-05-30T14:39:06                      12
================================================================================
[2025-05-30T14:40:06.604+0000] {manager.py:997} INFO - 
================================================================================
DAG File Processing Stats

File Path                                        PID  Runtime      # DAGs    # Errors  Last Runtime    Last Run               Last # of DB Queries
---------------------------------------------  -----  ---------  --------  ----------  --------------  -------------------  ----------------------
/opt/airflow/dags/companies_house_pipeline.py     14  0.00s             1           0  0.14s           2025-05-30T14:39:36                      12
================================================================================
[2025-05-30T14:40:36.927+0000] {manager.py:997} INFO - 
================================================================================
DAG File Processing Stats

File Path                                        PID  Runtime      # DAGs    # Errors  Last Runtime    Last Run               Last # of DB Queries
---------------------------------------------  -----  ---------  --------  ----------  --------------  -------------------  ----------------------
/opt/airflow/dags/companies_house_pipeline.py     15  0.00s             1           0  0.14s           2025-05-30T14:40:06                      12
================================================================================
[2025-05-30T14:41:07.259+0000] {manager.py:997} INFO - 
================================================================================
DAG File Processing Stats

File Path                                        PID  Runtime      # DAGs    # Errors  Last Runtime    Last Run               Last # of DB Queries
---------------------------------------------  -----  ---------  --------  ----------  --------------  -------------------  ----------------------
/opt/airflow/dags/companies_house_pipeline.py     16  0.00s             1           0  0.13s           2025-05-30T14:40:37                      12
================================================================================
[2025-05-30T14:41:37.562+0000] {manager.py:997} INFO - 
================================================================================
DAG File Processing Stats

File Path                                        PID  Runtime      # DAGs    # Errors  Last Runtime    Last Run               Last # of DB Queries
---------------------------------------------  -----  ---------  --------  ----------  --------------  -------------------  ----------------------
/opt/airflow/dags/companies_house_pipeline.py     17  0.00s             1           0  0.06s           2025-05-30T14:41:07                      12
================================================================================
[2025-05-30T14:42:07.864+0000] {manager.py:997} INFO - 
================================================================================
DAG File Processing Stats

File Path                                        PID  Runtime      # DAGs    # Errors  Last Runtime    Last Run               Last # of DB Queries
---------------------------------------------  -----  ---------  --------  ----------  --------------  -------------------  ----------------------
/opt/airflow/dags/companies_house_pipeline.py     18  0.00s             1           0  0.06s           2025-05-30T14:41:37                      12
================================================================================
[2025-05-30T14:42:19.677+0000] {manager.py:465} INFO - Exiting gracefully upon receiving signal 15
[2025-05-30T14:42:40.491+0000] {manager.py:483} INFO - Processing files using up to 2 processes at a time 
[2025-05-30T14:42:40.491+0000] {manager.py:484} INFO - Process each file at most once every 30 seconds
[2025-05-30T14:42:40.492+0000] {manager.py:485} INFO - Checking for new files in /opt/airflow/dags every 300 seconds
[2025-05-30T14:42:40.492+0000] {manager.py:821} INFO - Searching for files in /opt/airflow/dags
[2025-05-30T14:42:40.496+0000] {manager.py:824} INFO - There are 1 files in /opt/airflow/dags
[2025-05-30T14:42:40.541+0000] {manager.py:997} INFO - 
================================================================================
DAG File Processing Stats

File Path                                        PID  Runtime      # DAGs    # Errors  Last Runtime    Last Run      Last # of DB Queries
---------------------------------------------  -----  ---------  --------  ----------  --------------  ----------  ----------------------
/opt/airflow/dags/companies_house_pipeline.py      9  0.01s             0           0                                                   0
================================================================================
[2025-05-30T14:43:10.832+0000] {manager.py:997} INFO - 
================================================================================
DAG File Processing Stats

File Path                                        PID  Runtime      # DAGs    # Errors  Last Runtime    Last Run               Last # of DB Queries
---------------------------------------------  -----  ---------  --------  ----------  --------------  -------------------  ----------------------
/opt/airflow/dags/companies_house_pipeline.py     10  0.00s             1           0  0.06s           2025-05-30T14:42:40                      11
================================================================================
[2025-05-30T14:43:41.150+0000] {manager.py:997} INFO - 
================================================================================
DAG File Processing Stats

File Path                                        PID  Runtime      # DAGs    # Errors  Last Runtime    Last Run               Last # of DB Queries
---------------------------------------------  -----  ---------  --------  ----------  --------------  -------------------  ----------------------
/opt/airflow/dags/companies_house_pipeline.py     11  0.00s             1           0  0.17s           2025-05-30T14:43:10                      34
================================================================================
[2025-05-30T14:44:11.493+0000] {manager.py:997} INFO - 
================================================================================
DAG File Processing Stats

File Path                                        PID  Runtime      # DAGs    # Errors  Last Runtime    Last Run               Last # of DB Queries
---------------------------------------------  -----  ---------  --------  ----------  --------------  -------------------  ----------------------
/opt/airflow/dags/companies_house_pipeline.py     12  0.00s             1           0  0.15s           2025-05-30T14:43:41                      12
================================================================================
[2025-05-30T14:44:41.953+0000] {manager.py:997} INFO - 
================================================================================
DAG File Processing Stats

File Path                                        PID  Runtime      # DAGs    # Errors  Last Runtime    Last Run               Last # of DB Queries
---------------------------------------------  -----  ---------  --------  ----------  --------------  -------------------  ----------------------
/opt/airflow/dags/companies_house_pipeline.py     13  0.00s             1           0  0.16s           2025-05-30T14:44:11                      12
================================================================================
[2025-05-30T14:45:12.293+0000] {manager.py:997} INFO - 
================================================================================
DAG File Processing Stats

File Path                                        PID  Runtime      # DAGs    # Errors  Last Runtime    Last Run               Last # of DB Queries
---------------------------------------------  -----  ---------  --------  ----------  --------------  -------------------  ----------------------
/opt/airflow/dags/companies_house_pipeline.py     14  0.00s             1           0  0.14s           2025-05-30T14:44:42                      12
================================================================================
[2025-05-30T14:45:42.699+0000] {manager.py:997} INFO - 
================================================================================
DAG File Processing Stats

File Path                                        PID  Runtime      # DAGs    # Errors  Last Runtime    Last Run               Last # of DB Queries
---------------------------------------------  -----  ---------  --------  ----------  --------------  -------------------  ----------------------
/opt/airflow/dags/companies_house_pipeline.py     15  0.00s             1           0  0.14s           2025-05-30T14:45:12                      12
================================================================================
[2025-05-30T14:46:13.381+0000] {manager.py:997} INFO - 
================================================================================
DAG File Processing Stats

File Path                                      PID    Runtime      # DAGs    # Errors  Last Runtime    Last Run               Last # of DB Queries
---------------------------------------------  -----  ---------  --------  ----------  --------------  -------------------  ----------------------
/opt/airflow/dags/companies_house_pipeline.py                           1           0  0.06s           2025-05-30T14:45:52                      12
================================================================================
[2025-05-30T14:46:43.641+0000] {manager.py:997} INFO - 
================================================================================
DAG File Processing Stats

File Path                                      PID    Runtime      # DAGs    # Errors  Last Runtime    Last Run               Last # of DB Queries
---------------------------------------------  -----  ---------  --------  ----------  --------------  -------------------  ----------------------
/opt/airflow/dags/companies_house_pipeline.py                           1           0  0.08s           2025-05-30T14:46:22                      12
================================================================================
[2025-05-30T14:47:13.941+0000] {manager.py:997} INFO - 
================================================================================
DAG File Processing Stats

File Path                                      PID    Runtime      # DAGs    # Errors  Last Runtime    Last Run               Last # of DB Queries
---------------------------------------------  -----  ---------  --------  ----------  --------------  -------------------  ----------------------
/opt/airflow/dags/companies_house_pipeline.py                           1           0  0.07s           2025-05-30T14:46:52                      12
================================================================================
[2025-05-30T14:47:41.224+0000] {manager.py:821} INFO - Searching for files in /opt/airflow/dags
[2025-05-30T14:47:41.231+0000] {manager.py:824} INFO - There are 1 files in /opt/airflow/dags
[2025-05-30T14:47:44.269+0000] {manager.py:997} INFO - 
================================================================================
DAG File Processing Stats

File Path                                      PID    Runtime      # DAGs    # Errors  Last Runtime    Last Run               Last # of DB Queries
---------------------------------------------  -----  ---------  --------  ----------  --------------  -------------------  ----------------------
/opt/airflow/dags/companies_house_pipeline.py                           1           0  0.06s           2025-05-30T14:47:23                      12
================================================================================
[2025-05-30T14:48:14.625+0000] {manager.py:997} INFO - 
================================================================================
DAG File Processing Stats

File Path                                      PID    Runtime      # DAGs    # Errors  Last Runtime    Last Run               Last # of DB Queries
---------------------------------------------  -----  ---------  --------  ----------  --------------  -------------------  ----------------------
/opt/airflow/dags/companies_house_pipeline.py                           1           0  0.09s           2025-05-30T14:47:53                      12
================================================================================
[2025-05-30T14:48:45.011+0000] {manager.py:997} INFO - 
================================================================================
DAG File Processing Stats

File Path                                      PID    Runtime      # DAGs    # Errors  Last Runtime    Last Run               Last # of DB Queries
---------------------------------------------  -----  ---------  --------  ----------  --------------  -------------------  ----------------------
/opt/airflow/dags/companies_house_pipeline.py                           1           0  0.07s           2025-05-30T14:48:23                      12
================================================================================
