[2025-05-30T14:33:34.878+0000] {processor.py:186} INFO - Started process (PID=9) to work on /opt/airflow/dags/companies_house_pipeline.py
[2025-05-30T14:33:34.879+0000] {processor.py:914} INFO - Processing file /opt/airflow/dags/companies_house_pipeline.py for tasks to queue
[2025-05-30T14:33:34.880+0000] {logging_mixin.py:190} INFO - [2025-05-30T14:33:34.880+0000] {dagbag.py:588} INFO - Filling up the DagBag from /opt/airflow/dags/companies_house_pipeline.py
[2025-05-30T14:33:34.889+0000] {processor.py:925} INFO - DAG(s) 'companies_house_pipeline' retrieved from /opt/airflow/dags/companies_house_pipeline.py
[2025-05-30T14:33:34.906+0000] {logging_mixin.py:190} INFO - [2025-05-30T14:33:34.906+0000] {dag.py:3239} INFO - Sync 1 DAGs
[2025-05-30T14:33:34.919+0000] {logging_mixin.py:190} INFO - [2025-05-30T14:33:34.918+0000] {dag.py:4180} INFO - Setting next_dagrun for companies_house_pipeline to 2025-05-30 00:00:00+00:00, run_after=2025-05-31 00:00:00+00:00
[2025-05-30T14:33:34.934+0000] {processor.py:208} INFO - Processing /opt/airflow/dags/companies_house_pipeline.py took 0.060 seconds
[2025-05-30T14:34:05.167+0000] {processor.py:186} INFO - Started process (PID=10) to work on /opt/airflow/dags/companies_house_pipeline.py
[2025-05-30T14:34:05.168+0000] {processor.py:914} INFO - Processing file /opt/airflow/dags/companies_house_pipeline.py for tasks to queue
[2025-05-30T14:34:05.169+0000] {logging_mixin.py:190} INFO - [2025-05-30T14:34:05.169+0000] {dagbag.py:588} INFO - Filling up the DagBag from /opt/airflow/dags/companies_house_pipeline.py
[2025-05-30T14:34:05.179+0000] {processor.py:925} INFO - DAG(s) 'companies_house_pipeline' retrieved from /opt/airflow/dags/companies_house_pipeline.py
[2025-05-30T14:34:05.196+0000] {logging_mixin.py:190} INFO - [2025-05-30T14:34:05.196+0000] {dag.py:3239} INFO - Sync 1 DAGs
[2025-05-30T14:34:05.211+0000] {logging_mixin.py:190} INFO - [2025-05-30T14:34:05.210+0000] {dag.py:4180} INFO - Setting next_dagrun for companies_house_pipeline to 2025-05-30 00:00:00+00:00, run_after=2025-05-31 00:00:00+00:00
[2025-05-30T14:34:05.226+0000] {processor.py:208} INFO - Processing /opt/airflow/dags/companies_house_pipeline.py took 0.063 seconds
[2025-05-30T14:34:35.417+0000] {processor.py:186} INFO - Started process (PID=11) to work on /opt/airflow/dags/companies_house_pipeline.py
[2025-05-30T14:34:35.417+0000] {processor.py:914} INFO - Processing file /opt/airflow/dags/companies_house_pipeline.py for tasks to queue
[2025-05-30T14:34:35.419+0000] {logging_mixin.py:190} INFO - [2025-05-30T14:34:35.419+0000] {dagbag.py:588} INFO - Filling up the DagBag from /opt/airflow/dags/companies_house_pipeline.py
[2025-05-30T14:34:35.430+0000] {processor.py:925} INFO - DAG(s) 'companies_house_pipeline' retrieved from /opt/airflow/dags/companies_house_pipeline.py
[2025-05-30T14:34:35.445+0000] {logging_mixin.py:190} INFO - [2025-05-30T14:34:35.445+0000] {dag.py:3239} INFO - Sync 1 DAGs
[2025-05-30T14:34:35.458+0000] {logging_mixin.py:190} INFO - [2025-05-30T14:34:35.458+0000] {dag.py:4180} INFO - Setting next_dagrun for companies_house_pipeline to 2025-05-30 00:00:00+00:00, run_after=2025-05-31 00:00:00+00:00
[2025-05-30T14:34:35.542+0000] {processor.py:208} INFO - Processing /opt/airflow/dags/companies_house_pipeline.py took 0.129 seconds
[2025-05-30T14:35:05.733+0000] {processor.py:186} INFO - Started process (PID=12) to work on /opt/airflow/dags/companies_house_pipeline.py
[2025-05-30T14:35:05.734+0000] {processor.py:914} INFO - Processing file /opt/airflow/dags/companies_house_pipeline.py for tasks to queue
[2025-05-30T14:35:05.736+0000] {logging_mixin.py:190} INFO - [2025-05-30T14:35:05.736+0000] {dagbag.py:588} INFO - Filling up the DagBag from /opt/airflow/dags/companies_house_pipeline.py
[2025-05-30T14:35:05.744+0000] {processor.py:925} INFO - DAG(s) 'companies_house_pipeline' retrieved from /opt/airflow/dags/companies_house_pipeline.py
[2025-05-30T14:35:05.761+0000] {logging_mixin.py:190} INFO - [2025-05-30T14:35:05.761+0000] {dag.py:3239} INFO - Sync 1 DAGs
[2025-05-30T14:35:05.844+0000] {logging_mixin.py:190} INFO - [2025-05-30T14:35:05.844+0000] {dag.py:4180} INFO - Setting next_dagrun for companies_house_pipeline to 2025-05-30 00:00:00+00:00, run_after=2025-05-31 00:00:00+00:00
[2025-05-30T14:35:05.854+0000] {processor.py:208} INFO - Processing /opt/airflow/dags/companies_house_pipeline.py took 0.124 seconds
[2025-05-30T14:35:36.053+0000] {processor.py:186} INFO - Started process (PID=13) to work on /opt/airflow/dags/companies_house_pipeline.py
[2025-05-30T14:35:36.054+0000] {processor.py:914} INFO - Processing file /opt/airflow/dags/companies_house_pipeline.py for tasks to queue
[2025-05-30T14:35:36.056+0000] {logging_mixin.py:190} INFO - [2025-05-30T14:35:36.056+0000] {dagbag.py:588} INFO - Filling up the DagBag from /opt/airflow/dags/companies_house_pipeline.py
[2025-05-30T14:35:36.067+0000] {processor.py:925} INFO - DAG(s) 'companies_house_pipeline' retrieved from /opt/airflow/dags/companies_house_pipeline.py
[2025-05-30T14:35:36.091+0000] {logging_mixin.py:190} INFO - [2025-05-30T14:35:36.090+0000] {dag.py:3239} INFO - Sync 1 DAGs
[2025-05-30T14:35:36.175+0000] {logging_mixin.py:190} INFO - [2025-05-30T14:35:36.175+0000] {dag.py:4180} INFO - Setting next_dagrun for companies_house_pipeline to 2025-05-30 00:00:00+00:00, run_after=2025-05-31 00:00:00+00:00
[2025-05-30T14:35:36.183+0000] {processor.py:208} INFO - Processing /opt/airflow/dags/companies_house_pipeline.py took 0.134 seconds
[2025-05-30T14:36:06.410+0000] {processor.py:186} INFO - Started process (PID=14) to work on /opt/airflow/dags/companies_house_pipeline.py
[2025-05-30T14:36:06.411+0000] {processor.py:914} INFO - Processing file /opt/airflow/dags/companies_house_pipeline.py for tasks to queue
[2025-05-30T14:36:06.413+0000] {logging_mixin.py:190} INFO - [2025-05-30T14:36:06.412+0000] {dagbag.py:588} INFO - Filling up the DagBag from /opt/airflow/dags/companies_house_pipeline.py
[2025-05-30T14:36:06.422+0000] {processor.py:925} INFO - DAG(s) 'companies_house_pipeline' retrieved from /opt/airflow/dags/companies_house_pipeline.py
[2025-05-30T14:36:06.512+0000] {logging_mixin.py:190} INFO - [2025-05-30T14:36:06.512+0000] {dag.py:3239} INFO - Sync 1 DAGs
[2025-05-30T14:36:06.524+0000] {logging_mixin.py:190} INFO - [2025-05-30T14:36:06.524+0000] {dag.py:4180} INFO - Setting next_dagrun for companies_house_pipeline to 2025-05-30 00:00:00+00:00, run_after=2025-05-31 00:00:00+00:00
[2025-05-30T14:36:06.533+0000] {processor.py:208} INFO - Processing /opt/airflow/dags/companies_house_pipeline.py took 0.128 seconds
[2025-05-30T14:36:36.722+0000] {processor.py:186} INFO - Started process (PID=15) to work on /opt/airflow/dags/companies_house_pipeline.py
[2025-05-30T14:36:36.723+0000] {processor.py:914} INFO - Processing file /opt/airflow/dags/companies_house_pipeline.py for tasks to queue
[2025-05-30T14:36:36.724+0000] {logging_mixin.py:190} INFO - [2025-05-30T14:36:36.724+0000] {dagbag.py:588} INFO - Filling up the DagBag from /opt/airflow/dags/companies_house_pipeline.py
[2025-05-30T14:36:36.804+0000] {processor.py:925} INFO - DAG(s) 'companies_house_pipeline' retrieved from /opt/airflow/dags/companies_house_pipeline.py
[2025-05-30T14:36:36.816+0000] {logging_mixin.py:190} INFO - [2025-05-30T14:36:36.816+0000] {dag.py:3239} INFO - Sync 1 DAGs
[2025-05-30T14:36:36.826+0000] {logging_mixin.py:190} INFO - [2025-05-30T14:36:36.826+0000] {dag.py:4180} INFO - Setting next_dagrun for companies_house_pipeline to 2025-05-30 00:00:00+00:00, run_after=2025-05-31 00:00:00+00:00
[2025-05-30T14:36:36.836+0000] {processor.py:208} INFO - Processing /opt/airflow/dags/companies_house_pipeline.py took 0.118 seconds
[2025-05-30T14:37:07.143+0000] {processor.py:186} INFO - Started process (PID=16) to work on /opt/airflow/dags/companies_house_pipeline.py
[2025-05-30T14:37:07.144+0000] {processor.py:914} INFO - Processing file /opt/airflow/dags/companies_house_pipeline.py for tasks to queue
[2025-05-30T14:37:07.146+0000] {logging_mixin.py:190} INFO - [2025-05-30T14:37:07.146+0000] {dagbag.py:588} INFO - Filling up the DagBag from /opt/airflow/dags/companies_house_pipeline.py
[2025-05-30T14:37:07.157+0000] {processor.py:925} INFO - DAG(s) 'companies_house_pipeline' retrieved from /opt/airflow/dags/companies_house_pipeline.py
[2025-05-30T14:37:07.177+0000] {logging_mixin.py:190} INFO - [2025-05-30T14:37:07.177+0000] {dag.py:3239} INFO - Sync 1 DAGs
[2025-05-30T14:37:07.193+0000] {logging_mixin.py:190} INFO - [2025-05-30T14:37:07.193+0000] {dag.py:4180} INFO - Setting next_dagrun for companies_house_pipeline to 2025-05-30 00:00:00+00:00, run_after=2025-05-31 00:00:00+00:00
[2025-05-30T14:37:07.207+0000] {processor.py:208} INFO - Processing /opt/airflow/dags/companies_house_pipeline.py took 0.069 seconds
[2025-05-30T14:37:35.066+0000] {processor.py:186} INFO - Started process (PID=9) to work on /opt/airflow/dags/companies_house_pipeline.py
[2025-05-30T14:37:35.069+0000] {processor.py:914} INFO - Processing file /opt/airflow/dags/companies_house_pipeline.py for tasks to queue
[2025-05-30T14:37:35.070+0000] {logging_mixin.py:190} INFO - [2025-05-30T14:37:35.070+0000] {dagbag.py:588} INFO - Filling up the DagBag from /opt/airflow/dags/companies_house_pipeline.py
[2025-05-30T14:37:35.083+0000] {processor.py:925} INFO - DAG(s) 'companies_house_pipeline' retrieved from /opt/airflow/dags/companies_house_pipeline.py
[2025-05-30T14:37:35.102+0000] {logging_mixin.py:190} INFO - [2025-05-30T14:37:35.102+0000] {dag.py:3239} INFO - Sync 1 DAGs
[2025-05-30T14:37:35.115+0000] {logging_mixin.py:190} INFO - [2025-05-30T14:37:35.115+0000] {dag.py:4180} INFO - Setting next_dagrun for companies_house_pipeline to 2025-05-30 00:00:00+00:00, run_after=2025-05-31 00:00:00+00:00
[2025-05-30T14:37:35.125+0000] {processor.py:208} INFO - Processing /opt/airflow/dags/companies_house_pipeline.py took 0.062 seconds
[2025-05-30T14:38:05.325+0000] {processor.py:186} INFO - Started process (PID=10) to work on /opt/airflow/dags/companies_house_pipeline.py
[2025-05-30T14:38:05.325+0000] {processor.py:914} INFO - Processing file /opt/airflow/dags/companies_house_pipeline.py for tasks to queue
[2025-05-30T14:38:05.326+0000] {logging_mixin.py:190} INFO - [2025-05-30T14:38:05.326+0000] {dagbag.py:588} INFO - Filling up the DagBag from /opt/airflow/dags/companies_house_pipeline.py
[2025-05-30T14:38:05.334+0000] {processor.py:925} INFO - DAG(s) 'companies_house_pipeline' retrieved from /opt/airflow/dags/companies_house_pipeline.py
[2025-05-30T14:38:05.348+0000] {logging_mixin.py:190} INFO - [2025-05-30T14:38:05.348+0000] {dag.py:3239} INFO - Sync 1 DAGs
[2025-05-30T14:38:05.359+0000] {logging_mixin.py:190} INFO - [2025-05-30T14:38:05.359+0000] {dag.py:4180} INFO - Setting next_dagrun for companies_house_pipeline to 2025-05-30 00:00:00+00:00, run_after=2025-05-31 00:00:00+00:00
[2025-05-30T14:38:05.368+0000] {processor.py:208} INFO - Processing /opt/airflow/dags/companies_house_pipeline.py took 0.046 seconds
[2025-05-30T14:38:35.684+0000] {processor.py:186} INFO - Started process (PID=11) to work on /opt/airflow/dags/companies_house_pipeline.py
[2025-05-30T14:38:35.684+0000] {processor.py:914} INFO - Processing file /opt/airflow/dags/companies_house_pipeline.py for tasks to queue
[2025-05-30T14:38:35.686+0000] {logging_mixin.py:190} INFO - [2025-05-30T14:38:35.685+0000] {dagbag.py:588} INFO - Filling up the DagBag from /opt/airflow/dags/companies_house_pipeline.py
[2025-05-30T14:38:35.693+0000] {processor.py:925} INFO - DAG(s) 'companies_house_pipeline' retrieved from /opt/airflow/dags/companies_house_pipeline.py
[2025-05-30T14:38:35.706+0000] {logging_mixin.py:190} INFO - [2025-05-30T14:38:35.706+0000] {dag.py:3239} INFO - Sync 1 DAGs
[2025-05-30T14:38:35.717+0000] {logging_mixin.py:190} INFO - [2025-05-30T14:38:35.716+0000] {dag.py:4180} INFO - Setting next_dagrun for companies_house_pipeline to 2025-05-30 00:00:00+00:00, run_after=2025-05-31 00:00:00+00:00
[2025-05-30T14:38:35.793+0000] {processor.py:208} INFO - Processing /opt/airflow/dags/companies_house_pipeline.py took 0.112 seconds
[2025-05-30T14:39:06.034+0000] {processor.py:186} INFO - Started process (PID=12) to work on /opt/airflow/dags/companies_house_pipeline.py
[2025-05-30T14:39:06.034+0000] {processor.py:914} INFO - Processing file /opt/airflow/dags/companies_house_pipeline.py for tasks to queue
[2025-05-30T14:39:06.036+0000] {logging_mixin.py:190} INFO - [2025-05-30T14:39:06.035+0000] {dagbag.py:588} INFO - Filling up the DagBag from /opt/airflow/dags/companies_house_pipeline.py
[2025-05-30T14:39:06.043+0000] {processor.py:925} INFO - DAG(s) 'companies_house_pipeline' retrieved from /opt/airflow/dags/companies_house_pipeline.py
[2025-05-30T14:39:06.059+0000] {logging_mixin.py:190} INFO - [2025-05-30T14:39:06.059+0000] {dag.py:3239} INFO - Sync 1 DAGs
[2025-05-30T14:39:06.147+0000] {logging_mixin.py:190} INFO - [2025-05-30T14:39:06.147+0000] {dag.py:4180} INFO - Setting next_dagrun for companies_house_pipeline to 2025-05-30 00:00:00+00:00, run_after=2025-05-31 00:00:00+00:00
[2025-05-30T14:39:06.155+0000] {processor.py:208} INFO - Processing /opt/airflow/dags/companies_house_pipeline.py took 0.124 seconds
[2025-05-30T14:39:36.301+0000] {processor.py:186} INFO - Started process (PID=13) to work on /opt/airflow/dags/companies_house_pipeline.py
[2025-05-30T14:39:36.302+0000] {processor.py:914} INFO - Processing file /opt/airflow/dags/companies_house_pipeline.py for tasks to queue
[2025-05-30T14:39:36.304+0000] {logging_mixin.py:190} INFO - [2025-05-30T14:39:36.304+0000] {dagbag.py:588} INFO - Filling up the DagBag from /opt/airflow/dags/companies_house_pipeline.py
[2025-05-30T14:39:36.312+0000] {processor.py:925} INFO - DAG(s) 'companies_house_pipeline' retrieved from /opt/airflow/dags/companies_house_pipeline.py
[2025-05-30T14:39:36.328+0000] {logging_mixin.py:190} INFO - [2025-05-30T14:39:36.327+0000] {dag.py:3239} INFO - Sync 1 DAGs
[2025-05-30T14:39:36.423+0000] {logging_mixin.py:190} INFO - [2025-05-30T14:39:36.423+0000] {dag.py:4180} INFO - Setting next_dagrun for companies_house_pipeline to 2025-05-30 00:00:00+00:00, run_after=2025-05-31 00:00:00+00:00
[2025-05-30T14:39:36.431+0000] {processor.py:208} INFO - Processing /opt/airflow/dags/companies_house_pipeline.py took 0.133 seconds
[2025-05-30T14:40:06.612+0000] {processor.py:186} INFO - Started process (PID=14) to work on /opt/airflow/dags/companies_house_pipeline.py
[2025-05-30T14:40:06.614+0000] {processor.py:914} INFO - Processing file /opt/airflow/dags/companies_house_pipeline.py for tasks to queue
[2025-05-30T14:40:06.616+0000] {logging_mixin.py:190} INFO - [2025-05-30T14:40:06.616+0000] {dagbag.py:588} INFO - Filling up the DagBag from /opt/airflow/dags/companies_house_pipeline.py
[2025-05-30T14:40:06.627+0000] {processor.py:925} INFO - DAG(s) 'companies_house_pipeline' retrieved from /opt/airflow/dags/companies_house_pipeline.py
[2025-05-30T14:40:06.720+0000] {logging_mixin.py:190} INFO - [2025-05-30T14:40:06.720+0000] {dag.py:3239} INFO - Sync 1 DAGs
[2025-05-30T14:40:06.730+0000] {logging_mixin.py:190} INFO - [2025-05-30T14:40:06.730+0000] {dag.py:4180} INFO - Setting next_dagrun for companies_house_pipeline to 2025-05-30 00:00:00+00:00, run_after=2025-05-31 00:00:00+00:00
[2025-05-30T14:40:06.739+0000] {processor.py:208} INFO - Processing /opt/airflow/dags/companies_house_pipeline.py took 0.131 seconds
[2025-05-30T14:40:36.937+0000] {processor.py:186} INFO - Started process (PID=15) to work on /opt/airflow/dags/companies_house_pipeline.py
[2025-05-30T14:40:36.938+0000] {processor.py:914} INFO - Processing file /opt/airflow/dags/companies_house_pipeline.py for tasks to queue
[2025-05-30T14:40:36.940+0000] {logging_mixin.py:190} INFO - [2025-05-30T14:40:36.940+0000] {dagbag.py:588} INFO - Filling up the DagBag from /opt/airflow/dags/companies_house_pipeline.py
[2025-05-30T14:40:37.027+0000] {processor.py:925} INFO - DAG(s) 'companies_house_pipeline' retrieved from /opt/airflow/dags/companies_house_pipeline.py
[2025-05-30T14:40:37.040+0000] {logging_mixin.py:190} INFO - [2025-05-30T14:40:37.039+0000] {dag.py:3239} INFO - Sync 1 DAGs
[2025-05-30T14:40:37.049+0000] {logging_mixin.py:190} INFO - [2025-05-30T14:40:37.048+0000] {dag.py:4180} INFO - Setting next_dagrun for companies_house_pipeline to 2025-05-30 00:00:00+00:00, run_after=2025-05-31 00:00:00+00:00
[2025-05-30T14:40:37.056+0000] {processor.py:208} INFO - Processing /opt/airflow/dags/companies_house_pipeline.py took 0.124 seconds
[2025-05-30T14:41:07.265+0000] {processor.py:186} INFO - Started process (PID=16) to work on /opt/airflow/dags/companies_house_pipeline.py
[2025-05-30T14:41:07.266+0000] {processor.py:914} INFO - Processing file /opt/airflow/dags/companies_house_pipeline.py for tasks to queue
[2025-05-30T14:41:07.267+0000] {logging_mixin.py:190} INFO - [2025-05-30T14:41:07.267+0000] {dagbag.py:588} INFO - Filling up the DagBag from /opt/airflow/dags/companies_house_pipeline.py
[2025-05-30T14:41:07.274+0000] {processor.py:925} INFO - DAG(s) 'companies_house_pipeline' retrieved from /opt/airflow/dags/companies_house_pipeline.py
[2025-05-30T14:41:07.288+0000] {logging_mixin.py:190} INFO - [2025-05-30T14:41:07.288+0000] {dag.py:3239} INFO - Sync 1 DAGs
[2025-05-30T14:41:07.301+0000] {logging_mixin.py:190} INFO - [2025-05-30T14:41:07.301+0000] {dag.py:4180} INFO - Setting next_dagrun for companies_house_pipeline to 2025-05-30 00:00:00+00:00, run_after=2025-05-31 00:00:00+00:00
[2025-05-30T14:41:07.312+0000] {processor.py:208} INFO - Processing /opt/airflow/dags/companies_house_pipeline.py took 0.049 seconds
[2025-05-30T14:41:37.569+0000] {processor.py:186} INFO - Started process (PID=17) to work on /opt/airflow/dags/companies_house_pipeline.py
[2025-05-30T14:41:37.570+0000] {processor.py:914} INFO - Processing file /opt/airflow/dags/companies_house_pipeline.py for tasks to queue
[2025-05-30T14:41:37.571+0000] {logging_mixin.py:190} INFO - [2025-05-30T14:41:37.571+0000] {dagbag.py:588} INFO - Filling up the DagBag from /opt/airflow/dags/companies_house_pipeline.py
[2025-05-30T14:41:37.579+0000] {processor.py:925} INFO - DAG(s) 'companies_house_pipeline' retrieved from /opt/airflow/dags/companies_house_pipeline.py
[2025-05-30T14:41:37.593+0000] {logging_mixin.py:190} INFO - [2025-05-30T14:41:37.593+0000] {dag.py:3239} INFO - Sync 1 DAGs
[2025-05-30T14:41:37.605+0000] {logging_mixin.py:190} INFO - [2025-05-30T14:41:37.605+0000] {dag.py:4180} INFO - Setting next_dagrun for companies_house_pipeline to 2025-05-30 00:00:00+00:00, run_after=2025-05-31 00:00:00+00:00
[2025-05-30T14:41:37.613+0000] {processor.py:208} INFO - Processing /opt/airflow/dags/companies_house_pipeline.py took 0.048 seconds
[2025-05-30T14:42:07.873+0000] {processor.py:186} INFO - Started process (PID=18) to work on /opt/airflow/dags/companies_house_pipeline.py
[2025-05-30T14:42:07.874+0000] {processor.py:914} INFO - Processing file /opt/airflow/dags/companies_house_pipeline.py for tasks to queue
[2025-05-30T14:42:07.876+0000] {logging_mixin.py:190} INFO - [2025-05-30T14:42:07.876+0000] {dagbag.py:588} INFO - Filling up the DagBag from /opt/airflow/dags/companies_house_pipeline.py
[2025-05-30T14:42:07.883+0000] {processor.py:925} INFO - DAG(s) 'companies_house_pipeline' retrieved from /opt/airflow/dags/companies_house_pipeline.py
[2025-05-30T14:42:07.897+0000] {logging_mixin.py:190} INFO - [2025-05-30T14:42:07.897+0000] {dag.py:3239} INFO - Sync 1 DAGs
[2025-05-30T14:42:07.911+0000] {logging_mixin.py:190} INFO - [2025-05-30T14:42:07.911+0000] {dag.py:4180} INFO - Setting next_dagrun for companies_house_pipeline to 2025-05-30 00:00:00+00:00, run_after=2025-05-31 00:00:00+00:00
[2025-05-30T14:42:07.921+0000] {processor.py:208} INFO - Processing /opt/airflow/dags/companies_house_pipeline.py took 0.052 seconds
[2025-05-30T14:42:12.927+0000] {processor.py:186} INFO - Started process (PID=19) to work on /opt/airflow/dags/companies_house_pipeline.py
[2025-05-30T14:42:12.928+0000] {processor.py:914} INFO - Processing file /opt/airflow/dags/companies_house_pipeline.py for tasks to queue
[2025-05-30T14:42:12.929+0000] {logging_mixin.py:190} INFO - [2025-05-30T14:42:12.929+0000] {dagbag.py:588} INFO - Filling up the DagBag from /opt/airflow/dags/companies_house_pipeline.py
[2025-05-30T14:42:12.940+0000] {processor.py:925} INFO - DAG(s) 'companies_house_pipeline' retrieved from /opt/airflow/dags/companies_house_pipeline.py
[2025-05-30T14:42:13.007+0000] {logging_mixin.py:190} INFO - [2025-05-30T14:42:13.007+0000] {dag.py:3239} INFO - Sync 1 DAGs
[2025-05-30T14:42:13.018+0000] {logging_mixin.py:190} INFO - [2025-05-30T14:42:13.018+0000] {dag.py:4180} INFO - Setting next_dagrun for companies_house_pipeline to 2025-05-30 00:00:00+00:00, run_after=2025-05-31 00:00:00+00:00
[2025-05-30T14:42:13.028+0000] {processor.py:208} INFO - Processing /opt/airflow/dags/companies_house_pipeline.py took 0.105 seconds
[2025-05-30T14:42:18.020+0000] {processor.py:186} INFO - Started process (PID=20) to work on /opt/airflow/dags/companies_house_pipeline.py
[2025-05-30T14:42:18.020+0000] {processor.py:914} INFO - Processing file /opt/airflow/dags/companies_house_pipeline.py for tasks to queue
[2025-05-30T14:42:18.022+0000] {logging_mixin.py:190} INFO - [2025-05-30T14:42:18.022+0000] {dagbag.py:588} INFO - Filling up the DagBag from /opt/airflow/dags/companies_house_pipeline.py
[2025-05-30T14:42:18.032+0000] {processor.py:925} INFO - DAG(s) 'companies_house_pipeline' retrieved from /opt/airflow/dags/companies_house_pipeline.py
[2025-05-30T14:42:18.041+0000] {logging_mixin.py:190} INFO - [2025-05-30T14:42:18.041+0000] {dag.py:3239} INFO - Sync 1 DAGs
[2025-05-30T14:42:18.056+0000] {logging_mixin.py:190} INFO - [2025-05-30T14:42:18.056+0000] {dag.py:4180} INFO - Setting next_dagrun for companies_house_pipeline to 2025-05-30 00:00:00+00:00, run_after=2025-05-31 00:00:00+00:00
[2025-05-30T14:42:18.068+0000] {processor.py:208} INFO - Processing /opt/airflow/dags/companies_house_pipeline.py took 0.051 seconds
[2025-05-30T14:42:40.539+0000] {processor.py:186} INFO - Started process (PID=9) to work on /opt/airflow/dags/companies_house_pipeline.py
[2025-05-30T14:42:40.542+0000] {processor.py:914} INFO - Processing file /opt/airflow/dags/companies_house_pipeline.py for tasks to queue
[2025-05-30T14:42:40.545+0000] {logging_mixin.py:190} INFO - [2025-05-30T14:42:40.545+0000] {dagbag.py:588} INFO - Filling up the DagBag from /opt/airflow/dags/companies_house_pipeline.py
[2025-05-30T14:42:40.556+0000] {processor.py:925} INFO - DAG(s) 'companies_house_pipeline' retrieved from /opt/airflow/dags/companies_house_pipeline.py
[2025-05-30T14:42:40.566+0000] {logging_mixin.py:190} INFO - [2025-05-30T14:42:40.565+0000] {dag.py:3239} INFO - Sync 1 DAGs
[2025-05-30T14:42:40.581+0000] {logging_mixin.py:190} INFO - [2025-05-30T14:42:40.581+0000] {dag.py:4180} INFO - Setting next_dagrun for companies_house_pipeline to 2025-05-30 00:00:00+00:00, run_after=2025-05-31 00:00:00+00:00
[2025-05-30T14:42:40.589+0000] {processor.py:208} INFO - Processing /opt/airflow/dags/companies_house_pipeline.py took 0.054 seconds
[2025-05-30T14:43:10.839+0000] {processor.py:186} INFO - Started process (PID=10) to work on /opt/airflow/dags/companies_house_pipeline.py
[2025-05-30T14:43:10.840+0000] {processor.py:914} INFO - Processing file /opt/airflow/dags/companies_house_pipeline.py for tasks to queue
[2025-05-30T14:43:10.841+0000] {logging_mixin.py:190} INFO - [2025-05-30T14:43:10.841+0000] {dagbag.py:588} INFO - Filling up the DagBag from /opt/airflow/dags/companies_house_pipeline.py
[2025-05-30T14:43:10.850+0000] {processor.py:925} INFO - DAG(s) 'companies_house_pipeline' retrieved from /opt/airflow/dags/companies_house_pipeline.py
[2025-05-30T14:43:10.975+0000] {logging_mixin.py:190} INFO - [2025-05-30T14:43:10.975+0000] {dag.py:3239} INFO - Sync 1 DAGs
[2025-05-30T14:43:10.984+0000] {logging_mixin.py:190} INFO - [2025-05-30T14:43:10.984+0000] {dag.py:4180} INFO - Setting next_dagrun for companies_house_pipeline to 2025-05-30 00:00:00+00:00, run_after=2025-05-31 00:00:00+00:00
[2025-05-30T14:43:10.994+0000] {processor.py:208} INFO - Processing /opt/airflow/dags/companies_house_pipeline.py took 0.158 seconds
[2025-05-30T14:43:41.160+0000] {processor.py:186} INFO - Started process (PID=11) to work on /opt/airflow/dags/companies_house_pipeline.py
[2025-05-30T14:43:41.162+0000] {processor.py:914} INFO - Processing file /opt/airflow/dags/companies_house_pipeline.py for tasks to queue
[2025-05-30T14:43:41.164+0000] {logging_mixin.py:190} INFO - [2025-05-30T14:43:41.164+0000] {dagbag.py:588} INFO - Filling up the DagBag from /opt/airflow/dags/companies_house_pipeline.py
[2025-05-30T14:43:41.181+0000] {processor.py:925} INFO - DAG(s) 'companies_house_pipeline' retrieved from /opt/airflow/dags/companies_house_pipeline.py
[2025-05-30T14:43:41.202+0000] {logging_mixin.py:190} INFO - [2025-05-30T14:43:41.202+0000] {dag.py:3239} INFO - Sync 1 DAGs
[2025-05-30T14:43:41.215+0000] {logging_mixin.py:190} INFO - [2025-05-30T14:43:41.214+0000] {dag.py:4180} INFO - Setting next_dagrun for companies_house_pipeline to 2025-05-30 00:00:00+00:00, run_after=2025-05-31 00:00:00+00:00
[2025-05-30T14:43:41.294+0000] {processor.py:208} INFO - Processing /opt/airflow/dags/companies_house_pipeline.py took 0.140 seconds
[2025-05-30T14:44:11.503+0000] {processor.py:186} INFO - Started process (PID=12) to work on /opt/airflow/dags/companies_house_pipeline.py
[2025-05-30T14:44:11.504+0000] {processor.py:914} INFO - Processing file /opt/airflow/dags/companies_house_pipeline.py for tasks to queue
[2025-05-30T14:44:11.507+0000] {logging_mixin.py:190} INFO - [2025-05-30T14:44:11.507+0000] {dagbag.py:588} INFO - Filling up the DagBag from /opt/airflow/dags/companies_house_pipeline.py
[2025-05-30T14:44:11.522+0000] {processor.py:925} INFO - DAG(s) 'companies_house_pipeline' retrieved from /opt/airflow/dags/companies_house_pipeline.py
[2025-05-30T14:44:11.548+0000] {logging_mixin.py:190} INFO - [2025-05-30T14:44:11.548+0000] {dag.py:3239} INFO - Sync 1 DAGs
[2025-05-30T14:44:11.632+0000] {logging_mixin.py:190} INFO - [2025-05-30T14:44:11.632+0000] {dag.py:4180} INFO - Setting next_dagrun for companies_house_pipeline to 2025-05-30 00:00:00+00:00, run_after=2025-05-31 00:00:00+00:00
[2025-05-30T14:44:11.641+0000] {processor.py:208} INFO - Processing /opt/airflow/dags/companies_house_pipeline.py took 0.144 seconds
[2025-05-30T14:44:41.963+0000] {processor.py:186} INFO - Started process (PID=13) to work on /opt/airflow/dags/companies_house_pipeline.py
[2025-05-30T14:44:41.965+0000] {processor.py:914} INFO - Processing file /opt/airflow/dags/companies_house_pipeline.py for tasks to queue
[2025-05-30T14:44:41.966+0000] {logging_mixin.py:190} INFO - [2025-05-30T14:44:41.966+0000] {dagbag.py:588} INFO - Filling up the DagBag from /opt/airflow/dags/companies_house_pipeline.py
[2025-05-30T14:44:41.978+0000] {processor.py:925} INFO - DAG(s) 'companies_house_pipeline' retrieved from /opt/airflow/dags/companies_house_pipeline.py
[2025-05-30T14:44:41.997+0000] {logging_mixin.py:190} INFO - [2025-05-30T14:44:41.996+0000] {dag.py:3239} INFO - Sync 1 DAGs
[2025-05-30T14:44:42.078+0000] {logging_mixin.py:190} INFO - [2025-05-30T14:44:42.078+0000] {dag.py:4180} INFO - Setting next_dagrun for companies_house_pipeline to 2025-05-30 00:00:00+00:00, run_after=2025-05-31 00:00:00+00:00
[2025-05-30T14:44:42.086+0000] {processor.py:208} INFO - Processing /opt/airflow/dags/companies_house_pipeline.py took 0.128 seconds
[2025-05-30T14:45:12.302+0000] {processor.py:186} INFO - Started process (PID=14) to work on /opt/airflow/dags/companies_house_pipeline.py
[2025-05-30T14:45:12.302+0000] {processor.py:914} INFO - Processing file /opt/airflow/dags/companies_house_pipeline.py for tasks to queue
[2025-05-30T14:45:12.304+0000] {logging_mixin.py:190} INFO - [2025-05-30T14:45:12.304+0000] {dagbag.py:588} INFO - Filling up the DagBag from /opt/airflow/dags/companies_house_pipeline.py
[2025-05-30T14:45:12.316+0000] {processor.py:925} INFO - DAG(s) 'companies_house_pipeline' retrieved from /opt/airflow/dags/companies_house_pipeline.py
[2025-05-30T14:45:12.410+0000] {logging_mixin.py:190} INFO - [2025-05-30T14:45:12.410+0000] {dag.py:3239} INFO - Sync 1 DAGs
[2025-05-30T14:45:12.421+0000] {logging_mixin.py:190} INFO - [2025-05-30T14:45:12.421+0000] {dag.py:4180} INFO - Setting next_dagrun for companies_house_pipeline to 2025-05-30 00:00:00+00:00, run_after=2025-05-31 00:00:00+00:00
[2025-05-30T14:45:12.430+0000] {processor.py:208} INFO - Processing /opt/airflow/dags/companies_house_pipeline.py took 0.133 seconds
[2025-05-30T14:45:42.707+0000] {processor.py:186} INFO - Started process (PID=15) to work on /opt/airflow/dags/companies_house_pipeline.py
[2025-05-30T14:45:42.708+0000] {processor.py:914} INFO - Processing file /opt/airflow/dags/companies_house_pipeline.py for tasks to queue
[2025-05-30T14:45:42.710+0000] {logging_mixin.py:190} INFO - [2025-05-30T14:45:42.710+0000] {dagbag.py:588} INFO - Filling up the DagBag from /opt/airflow/dags/companies_house_pipeline.py
[2025-05-30T14:45:42.810+0000] {processor.py:925} INFO - DAG(s) 'companies_house_pipeline' retrieved from /opt/airflow/dags/companies_house_pipeline.py
[2025-05-30T14:45:42.842+0000] {logging_mixin.py:190} INFO - [2025-05-30T14:45:42.842+0000] {dag.py:3239} INFO - Sync 1 DAGs
[2025-05-30T14:45:42.854+0000] {logging_mixin.py:190} INFO - [2025-05-30T14:45:42.854+0000] {dag.py:4180} INFO - Setting next_dagrun for companies_house_pipeline to 2025-05-30 00:00:00+00:00, run_after=2025-05-31 00:00:00+00:00
[2025-05-30T14:45:42.864+0000] {processor.py:208} INFO - Processing /opt/airflow/dags/companies_house_pipeline.py took 0.162 seconds
[2025-05-30T14:45:45.819+0000] {processor.py:186} INFO - Started process (PID=16) to work on /opt/airflow/dags/companies_house_pipeline.py
[2025-05-30T14:45:45.820+0000] {processor.py:914} INFO - Processing file /opt/airflow/dags/companies_house_pipeline.py for tasks to queue
[2025-05-30T14:45:45.823+0000] {logging_mixin.py:190} INFO - [2025-05-30T14:45:45.822+0000] {dagbag.py:588} INFO - Filling up the DagBag from /opt/airflow/dags/companies_house_pipeline.py
[2025-05-30T14:45:45.924+0000] {processor.py:925} INFO - DAG(s) 'companies_house_pipeline' retrieved from /opt/airflow/dags/companies_house_pipeline.py
[2025-05-30T14:45:45.936+0000] {logging_mixin.py:190} INFO - [2025-05-30T14:45:45.936+0000] {dag.py:3239} INFO - Sync 1 DAGs
[2025-05-30T14:45:45.948+0000] {logging_mixin.py:190} INFO - [2025-05-30T14:45:45.947+0000] {dag.py:4180} INFO - Setting next_dagrun for companies_house_pipeline to 2025-05-30 00:00:00+00:00, run_after=2025-05-31 00:00:00+00:00
[2025-05-30T14:45:45.960+0000] {processor.py:208} INFO - Processing /opt/airflow/dags/companies_house_pipeline.py took 0.149 seconds
[2025-05-30T14:45:48.973+0000] {processor.py:186} INFO - Started process (PID=17) to work on /opt/airflow/dags/companies_house_pipeline.py
[2025-05-30T14:45:48.975+0000] {processor.py:914} INFO - Processing file /opt/airflow/dags/companies_house_pipeline.py for tasks to queue
[2025-05-30T14:45:49.075+0000] {logging_mixin.py:190} INFO - [2025-05-30T14:45:49.075+0000] {dagbag.py:588} INFO - Filling up the DagBag from /opt/airflow/dags/companies_house_pipeline.py
[2025-05-30T14:45:49.083+0000] {processor.py:925} INFO - DAG(s) 'companies_house_pipeline' retrieved from /opt/airflow/dags/companies_house_pipeline.py
[2025-05-30T14:45:49.096+0000] {logging_mixin.py:190} INFO - [2025-05-30T14:45:49.096+0000] {dag.py:3239} INFO - Sync 1 DAGs
[2025-05-30T14:45:49.105+0000] {logging_mixin.py:190} INFO - [2025-05-30T14:45:49.105+0000] {dag.py:4180} INFO - Setting next_dagrun for companies_house_pipeline to 2025-05-30 00:00:00+00:00, run_after=2025-05-31 00:00:00+00:00
[2025-05-30T14:45:49.115+0000] {processor.py:208} INFO - Processing /opt/airflow/dags/companies_house_pipeline.py took 0.149 seconds
[2025-05-30T14:45:52.125+0000] {processor.py:186} INFO - Started process (PID=18) to work on /opt/airflow/dags/companies_house_pipeline.py
[2025-05-30T14:45:52.126+0000] {processor.py:914} INFO - Processing file /opt/airflow/dags/companies_house_pipeline.py for tasks to queue
[2025-05-30T14:45:52.127+0000] {logging_mixin.py:190} INFO - [2025-05-30T14:45:52.127+0000] {dagbag.py:588} INFO - Filling up the DagBag from /opt/airflow/dags/companies_house_pipeline.py
[2025-05-30T14:45:52.136+0000] {processor.py:925} INFO - DAG(s) 'companies_house_pipeline' retrieved from /opt/airflow/dags/companies_house_pipeline.py
[2025-05-30T14:45:52.153+0000] {logging_mixin.py:190} INFO - [2025-05-30T14:45:52.152+0000] {dag.py:3239} INFO - Sync 1 DAGs
[2025-05-30T14:45:52.165+0000] {logging_mixin.py:190} INFO - [2025-05-30T14:45:52.165+0000] {dag.py:4180} INFO - Setting next_dagrun for companies_house_pipeline to 2025-05-30 00:00:00+00:00, run_after=2025-05-31 00:00:00+00:00
[2025-05-30T14:45:52.177+0000] {processor.py:208} INFO - Processing /opt/airflow/dags/companies_house_pipeline.py took 0.056 seconds
[2025-05-30T14:46:22.482+0000] {processor.py:186} INFO - Started process (PID=19) to work on /opt/airflow/dags/companies_house_pipeline.py
[2025-05-30T14:46:22.483+0000] {processor.py:914} INFO - Processing file /opt/airflow/dags/companies_house_pipeline.py for tasks to queue
[2025-05-30T14:46:22.485+0000] {logging_mixin.py:190} INFO - [2025-05-30T14:46:22.485+0000] {dagbag.py:588} INFO - Filling up the DagBag from /opt/airflow/dags/companies_house_pipeline.py
[2025-05-30T14:46:22.495+0000] {processor.py:925} INFO - DAG(s) 'companies_house_pipeline' retrieved from /opt/airflow/dags/companies_house_pipeline.py
[2025-05-30T14:46:22.526+0000] {logging_mixin.py:190} INFO - [2025-05-30T14:46:22.526+0000] {dag.py:3239} INFO - Sync 1 DAGs
[2025-05-30T14:46:22.539+0000] {logging_mixin.py:190} INFO - [2025-05-30T14:46:22.539+0000] {dag.py:4180} INFO - Setting next_dagrun for companies_house_pipeline to 2025-05-30 00:00:00+00:00, run_after=2025-05-31 00:00:00+00:00
[2025-05-30T14:46:22.551+0000] {processor.py:208} INFO - Processing /opt/airflow/dags/companies_house_pipeline.py took 0.072 seconds
[2025-05-30T14:46:52.752+0000] {processor.py:186} INFO - Started process (PID=20) to work on /opt/airflow/dags/companies_house_pipeline.py
[2025-05-30T14:46:52.753+0000] {processor.py:914} INFO - Processing file /opt/airflow/dags/companies_house_pipeline.py for tasks to queue
[2025-05-30T14:46:52.755+0000] {logging_mixin.py:190} INFO - [2025-05-30T14:46:52.755+0000] {dagbag.py:588} INFO - Filling up the DagBag from /opt/airflow/dags/companies_house_pipeline.py
[2025-05-30T14:46:52.764+0000] {processor.py:925} INFO - DAG(s) 'companies_house_pipeline' retrieved from /opt/airflow/dags/companies_house_pipeline.py
[2025-05-30T14:46:52.782+0000] {logging_mixin.py:190} INFO - [2025-05-30T14:46:52.781+0000] {dag.py:3239} INFO - Sync 1 DAGs
[2025-05-30T14:46:52.795+0000] {logging_mixin.py:190} INFO - [2025-05-30T14:46:52.795+0000] {dag.py:4180} INFO - Setting next_dagrun for companies_house_pipeline to 2025-05-30 00:00:00+00:00, run_after=2025-05-31 00:00:00+00:00
[2025-05-30T14:46:52.804+0000] {processor.py:208} INFO - Processing /opt/airflow/dags/companies_house_pipeline.py took 0.057 seconds
[2025-05-30T14:47:23.063+0000] {processor.py:186} INFO - Started process (PID=21) to work on /opt/airflow/dags/companies_house_pipeline.py
[2025-05-30T14:47:23.064+0000] {processor.py:914} INFO - Processing file /opt/airflow/dags/companies_house_pipeline.py for tasks to queue
[2025-05-30T14:47:23.065+0000] {logging_mixin.py:190} INFO - [2025-05-30T14:47:23.065+0000] {dagbag.py:588} INFO - Filling up the DagBag from /opt/airflow/dags/companies_house_pipeline.py
[2025-05-30T14:47:23.073+0000] {processor.py:925} INFO - DAG(s) 'companies_house_pipeline' retrieved from /opt/airflow/dags/companies_house_pipeline.py
[2025-05-30T14:47:23.087+0000] {logging_mixin.py:190} INFO - [2025-05-30T14:47:23.087+0000] {dag.py:3239} INFO - Sync 1 DAGs
[2025-05-30T14:47:23.100+0000] {logging_mixin.py:190} INFO - [2025-05-30T14:47:23.100+0000] {dag.py:4180} INFO - Setting next_dagrun for companies_house_pipeline to 2025-05-30 00:00:00+00:00, run_after=2025-05-31 00:00:00+00:00
[2025-05-30T14:47:23.109+0000] {processor.py:208} INFO - Processing /opt/airflow/dags/companies_house_pipeline.py took 0.049 seconds
[2025-05-30T14:47:53.391+0000] {processor.py:186} INFO - Started process (PID=22) to work on /opt/airflow/dags/companies_house_pipeline.py
[2025-05-30T14:47:53.393+0000] {processor.py:914} INFO - Processing file /opt/airflow/dags/companies_house_pipeline.py for tasks to queue
[2025-05-30T14:47:53.397+0000] {logging_mixin.py:190} INFO - [2025-05-30T14:47:53.396+0000] {dagbag.py:588} INFO - Filling up the DagBag from /opt/airflow/dags/companies_house_pipeline.py
[2025-05-30T14:47:53.411+0000] {processor.py:925} INFO - DAG(s) 'companies_house_pipeline' retrieved from /opt/airflow/dags/companies_house_pipeline.py
[2025-05-30T14:47:53.431+0000] {logging_mixin.py:190} INFO - [2025-05-30T14:47:53.431+0000] {dag.py:3239} INFO - Sync 1 DAGs
[2025-05-30T14:47:53.446+0000] {logging_mixin.py:190} INFO - [2025-05-30T14:47:53.445+0000] {dag.py:4180} INFO - Setting next_dagrun for companies_house_pipeline to 2025-05-30 00:00:00+00:00, run_after=2025-05-31 00:00:00+00:00
[2025-05-30T14:47:53.456+0000] {processor.py:208} INFO - Processing /opt/airflow/dags/companies_house_pipeline.py took 0.072 seconds
[2025-05-30T14:48:23.738+0000] {processor.py:186} INFO - Started process (PID=23) to work on /opt/airflow/dags/companies_house_pipeline.py
[2025-05-30T14:48:23.739+0000] {processor.py:914} INFO - Processing file /opt/airflow/dags/companies_house_pipeline.py for tasks to queue
[2025-05-30T14:48:23.742+0000] {logging_mixin.py:190} INFO - [2025-05-30T14:48:23.741+0000] {dagbag.py:588} INFO - Filling up the DagBag from /opt/airflow/dags/companies_house_pipeline.py
[2025-05-30T14:48:23.752+0000] {processor.py:925} INFO - DAG(s) 'companies_house_pipeline' retrieved from /opt/airflow/dags/companies_house_pipeline.py
[2025-05-30T14:48:23.772+0000] {logging_mixin.py:190} INFO - [2025-05-30T14:48:23.772+0000] {dag.py:3239} INFO - Sync 1 DAGs
[2025-05-30T14:48:23.787+0000] {logging_mixin.py:190} INFO - [2025-05-30T14:48:23.787+0000] {dag.py:4180} INFO - Setting next_dagrun for companies_house_pipeline to 2025-05-30 00:00:00+00:00, run_after=2025-05-31 00:00:00+00:00
[2025-05-30T14:48:23.798+0000] {processor.py:208} INFO - Processing /opt/airflow/dags/companies_house_pipeline.py took 0.064 seconds
